Started GET "/" for ::1 at 2022-08-12 16:43:18 -0400
  
ActiveRecord::NoDatabaseError (connection to server on socket "/tmp/.s.PGSQL.5432" failed: FATAL:  database "oobreats_development" does not exist
):
  
activerecord (5.2.8.1) lib/active_record/connection_adapters/postgresql_adapter.rb:696:in `rescue in connect'
activerecord (5.2.8.1) lib/active_record/connection_adapters/postgresql_adapter.rb:691:in `connect'
activerecord (5.2.8.1) lib/active_record/connection_adapters/postgresql_adapter.rb:223:in `initialize'
activerecord (5.2.8.1) lib/active_record/connection_adapters/postgresql_adapter.rb:48:in `new'
activerecord (5.2.8.1) lib/active_record/connection_adapters/postgresql_adapter.rb:48:in `postgresql_connection'
activerecord (5.2.8.1) lib/active_record/connection_adapters/abstract/connection_pool.rb:830:in `new_connection'
activerecord (5.2.8.1) lib/active_record/connection_adapters/abstract/connection_pool.rb:874:in `checkout_new_connection'
activerecord (5.2.8.1) lib/active_record/connection_adapters/abstract/connection_pool.rb:853:in `try_to_checkout_new_connection'
activerecord (5.2.8.1) lib/active_record/connection_adapters/abstract/connection_pool.rb:814:in `acquire_connection'
activerecord (5.2.8.1) lib/active_record/connection_adapters/abstract/connection_pool.rb:538:in `checkout'
activerecord (5.2.8.1) lib/active_record/connection_adapters/abstract/connection_pool.rb:382:in `connection'
activerecord (5.2.8.1) lib/active_record/connection_adapters/abstract/connection_pool.rb:1033:in `retrieve_connection'
activerecord (5.2.8.1) lib/active_record/connection_handling.rb:118:in `retrieve_connection'
activerecord (5.2.8.1) lib/active_record/connection_handling.rb:90:in `connection'
activerecord (5.2.8.1) lib/active_record/migration.rb:554:in `call'
actionpack (5.2.8.1) lib/action_dispatch/middleware/callbacks.rb:28:in `block in call'
activesupport (5.2.8.1) lib/active_support/callbacks.rb:98:in `run_callbacks'
actionpack (5.2.8.1) lib/action_dispatch/middleware/callbacks.rb:26:in `call'
actionpack (5.2.8.1) lib/action_dispatch/middleware/executor.rb:14:in `call'
actionpack (5.2.8.1) lib/action_dispatch/middleware/debug_exceptions.rb:61:in `call'
web-console (3.7.0) lib/web_console/middleware.rb:135:in `call_app'
web-console (3.7.0) lib/web_console/middleware.rb:30:in `block in call'
web-console (3.7.0) lib/web_console/middleware.rb:20:in `catch'
web-console (3.7.0) lib/web_console/middleware.rb:20:in `call'
actionpack (5.2.8.1) lib/action_dispatch/middleware/show_exceptions.rb:33:in `call'
railties (5.2.8.1) lib/rails/rack/logger.rb:38:in `call_app'
railties (5.2.8.1) lib/rails/rack/logger.rb:26:in `block in call'
activesupport (5.2.8.1) lib/active_support/tagged_logging.rb:71:in `block in tagged'
activesupport (5.2.8.1) lib/active_support/tagged_logging.rb:28:in `tagged'
activesupport (5.2.8.1) lib/active_support/tagged_logging.rb:71:in `tagged'
railties (5.2.8.1) lib/rails/rack/logger.rb:26:in `call'
sprockets-rails (3.4.2) lib/sprockets/rails/quiet_assets.rb:13:in `call'
actionpack (5.2.8.1) lib/action_dispatch/middleware/remote_ip.rb:81:in `call'
actionpack (5.2.8.1) lib/action_dispatch/middleware/request_id.rb:27:in `call'
rack (2.2.4) lib/rack/method_override.rb:24:in `call'
rack (2.2.4) lib/rack/runtime.rb:22:in `call'
activesupport (5.2.8.1) lib/active_support/cache/strategy/local_cache_middleware.rb:29:in `call'
actionpack (5.2.8.1) lib/action_dispatch/middleware/executor.rb:14:in `call'
actionpack (5.2.8.1) lib/action_dispatch/middleware/static.rb:127:in `call'
rack (2.2.4) lib/rack/sendfile.rb:110:in `call'
railties (5.2.8.1) lib/rails/engine.rb:524:in `call'
puma (3.12.6) lib/puma/configuration.rb:227:in `call'
puma (3.12.6) lib/puma/server.rb:706:in `handle_request'
puma (3.12.6) lib/puma/server.rb:476:in `process_client'
puma (3.12.6) lib/puma/server.rb:334:in `block in run'
puma (3.12.6) lib/puma/thread_pool.rb:135:in `block in spawn_thread'
  [1m[35m (479.4ms)[0m  [1m[35mCREATE DATABASE "oobreats_development" ENCODING = 'unicode'[0m
  ↳ bin/rails:9
  [1m[35m (210.8ms)[0m  [1m[35mCREATE DATABASE "oobreats_test" ENCODING = 'unicode'[0m
  ↳ bin/rails:9
Started GET "/" for ::1 at 2022-08-12 16:44:16 -0400
Processing by StaticPagesController#root as HTML
  Rendering static_pages/root.html.erb within layouts/application
  Rendered static_pages/root.html.erb within layouts/application (0.2ms)
Completed 200 OK in 1507ms (Views: 1504.8ms | ActiveRecord: 0.0ms)


  [1m[35m (87.3ms)[0m  [1m[35mCREATE TABLE "schema_migrations" ("version" character varying NOT NULL PRIMARY KEY)[0m
  ↳ bin/rails:9
  [1m[35m (40.8ms)[0m  [1m[35mCREATE TABLE "ar_internal_metadata" ("key" character varying NOT NULL PRIMARY KEY, "value" character varying, "created_at" timestamp NOT NULL, "updated_at" timestamp NOT NULL)[0m
  ↳ bin/rails:9
  [1m[35m (1.1ms)[0m  [1m[34mSELECT pg_try_advisory_lock(4937902012888266765)[0m
  ↳ bin/rails:9
  [1m[35m (2.1ms)[0m  [1m[34mSELECT "schema_migrations"."version" FROM "schema_migrations" ORDER BY "schema_migrations"."version" ASC[0m
  ↳ bin/rails:9
Migrating to CreateUsers (20220812211512)
  [1m[35m (0.1ms)[0m  [1m[35mBEGIN[0m
  ↳ bin/rails:9
  [1m[35m (52.6ms)[0m  [1m[35mCREATE TABLE "users" ("id" bigserial primary key, "first_name" character varying, "last_name" character varying, "email" character varying NOT NULL, "phone_number" integer, "password_digest" character varying, "session_token" character varying NOT NULL, "created_at" timestamp NOT NULL, "updated_at" timestamp NOT NULL)[0m
  ↳ db/migrate/20220812211512_create_users.rb:3
  [1m[35m (47.0ms)[0m  [1m[35mCREATE  INDEX  "index_users_on_session_token" ON "users"  ("session_token")[0m
  ↳ db/migrate/20220812211512_create_users.rb:13
  [1m[35m (4.8ms)[0m  [1m[35mCREATE UNIQUE INDEX  "index_users_on_email" ON "users"  ("email")[0m
  ↳ db/migrate/20220812211512_create_users.rb:14
  [1m[35m (2.7ms)[0m  [1m[35mCREATE UNIQUE INDEX  "index_users_on_phone_number" ON "users"  ("phone_number")[0m
  ↳ db/migrate/20220812211512_create_users.rb:15
  [1m[36mActiveRecord::SchemaMigration Create (4.8ms)[0m  [1m[32mINSERT INTO "schema_migrations" ("version") VALUES ($1) RETURNING "version"[0m  [["version", "20220812211512"]]
  ↳ bin/rails:9
  [1m[35m (0.7ms)[0m  [1m[35mCOMMIT[0m
  ↳ bin/rails:9
  [1m[36mActiveRecord::InternalMetadata Load (0.5ms)[0m  [1m[34mSELECT  "ar_internal_metadata".* FROM "ar_internal_metadata" WHERE "ar_internal_metadata"."key" = $1 LIMIT $2[0m  [["key", "environment"], ["LIMIT", 1]]
  ↳ bin/rails:9
  [1m[35m (1.8ms)[0m  [1m[35mBEGIN[0m
  ↳ bin/rails:9
  [1m[36mActiveRecord::InternalMetadata Create (0.5ms)[0m  [1m[32mINSERT INTO "ar_internal_metadata" ("key", "value", "created_at", "updated_at") VALUES ($1, $2, $3, $4) RETURNING "key"[0m  [["key", "environment"], ["value", "development"], ["created_at", "2022-08-12 21:37:04.506934"], ["updated_at", "2022-08-12 21:37:04.506934"]]
  ↳ bin/rails:9
  [1m[35m (0.3ms)[0m  [1m[35mCOMMIT[0m
  ↳ bin/rails:9
  [1m[35m (0.9ms)[0m  [1m[34mSELECT pg_advisory_unlock(4937902012888266765)[0m
  ↳ bin/rails:9
  [1m[35m (0.2ms)[0m  [1m[34mSELECT "schema_migrations"."version" FROM "schema_migrations" ORDER BY "schema_migrations"."version" ASC[0m
  ↳ bin/rails:9
Started GET "/" for ::1 at 2022-08-13 20:49:53 -0400
  [1m[35m (1.3ms)[0m  [1m[34mSELECT "schema_migrations"."version" FROM "schema_migrations" ORDER BY "schema_migrations"."version" ASC[0m
  ↳ /Users/evonne/.rbenv/versions/2.5.1/lib/ruby/gems/2.5.0/gems/activerecord-5.2.8.1/lib/active_record/log_subscriber.rb:98
Processing by StaticPagesController#root as HTML
  Rendering static_pages/root.html.erb within layouts/application
  Rendered static_pages/root.html.erb within layouts/application (0.5ms)
Completed 500 Internal Server Error in 60ms (ActiveRecord: 0.0ms)


  
ActionView::Template::Error (couldn't find file 'jquery' with type 'application/javascript'
Checked in these paths: 
  /Users/evonne/Desktop/oobreats/app/assets/config
  /Users/evonne/Desktop/oobreats/app/assets/images
  /Users/evonne/Desktop/oobreats/app/assets/javascripts
  /Users/evonne/Desktop/oobreats/app/assets/stylesheets
  /Users/evonne/.rbenv/versions/2.5.1/lib/ruby/gems/2.5.0/gems/coffee-rails-4.2.2/lib/assets/javascripts
  /Users/evonne/.rbenv/versions/2.5.1/lib/ruby/gems/2.5.0/gems/actioncable-5.2.8.1/lib/assets/compiled
  /Users/evonne/.rbenv/versions/2.5.1/lib/ruby/gems/2.5.0/gems/activestorage-5.2.8.1/app/assets/javascripts
  /Users/evonne/.rbenv/versions/2.5.1/lib/ruby/gems/2.5.0/gems/actionview-5.2.8.1/lib/assets/compiled
  /Users/evonne/Desktop/oobreats/node_modules):
     6:     <%= csp_meta_tag %>
     7: 
     8:     <%= stylesheet_link_tag    'application', media: 'all' %>
     9:     <%= javascript_include_tag 'application' %>
    10:   </head>
    11: 
    12:   <body>
  
app/assets/javascripts/application.js:13
app/views/layouts/application.html.erb:9:in `_app_views_layouts_application_html_erb__1021604774185154066_70242131028080'
app/controllers/static_pages_controller.rb:4:in `root'
Started GET "/" for ::1 at 2022-08-13 20:49:58 -0400
Processing by StaticPagesController#root as HTML
  Rendering static_pages/root.html.erb within layouts/application
  Rendered static_pages/root.html.erb within layouts/application (0.2ms)
Completed 500 Internal Server Error in 15ms (ActiveRecord: 0.0ms)


  
ActionView::Template::Error (couldn't find file 'jquery' with type 'application/javascript'
Checked in these paths: 
  /Users/evonne/Desktop/oobreats/app/assets/config
  /Users/evonne/Desktop/oobreats/app/assets/images
  /Users/evonne/Desktop/oobreats/app/assets/javascripts
  /Users/evonne/Desktop/oobreats/app/assets/stylesheets
  /Users/evonne/.rbenv/versions/2.5.1/lib/ruby/gems/2.5.0/gems/coffee-rails-4.2.2/lib/assets/javascripts
  /Users/evonne/.rbenv/versions/2.5.1/lib/ruby/gems/2.5.0/gems/actioncable-5.2.8.1/lib/assets/compiled
  /Users/evonne/.rbenv/versions/2.5.1/lib/ruby/gems/2.5.0/gems/activestorage-5.2.8.1/app/assets/javascripts
  /Users/evonne/.rbenv/versions/2.5.1/lib/ruby/gems/2.5.0/gems/actionview-5.2.8.1/lib/assets/compiled
  /Users/evonne/Desktop/oobreats/node_modules):
     6:     <%= csp_meta_tag %>
     7: 
     8:     <%= stylesheet_link_tag    'application', media: 'all' %>
     9:     <%= javascript_include_tag 'application' %>
    10:   </head>
    11: 
    12:   <body>
  
app/assets/javascripts/application.js:13
app/views/layouts/application.html.erb:9:in `_app_views_layouts_application_html_erb__1021604774185154066_70242113295080'
app/controllers/static_pages_controller.rb:4:in `root'
Started GET "/" for ::1 at 2022-08-13 20:50:08 -0400
Processing by StaticPagesController#root as HTML
  Rendering static_pages/root.html.erb within layouts/application
  Rendered static_pages/root.html.erb within layouts/application (0.3ms)
Completed 500 Internal Server Error in 15ms (ActiveRecord: 0.0ms)


  
ActionView::Template::Error (couldn't find file 'jquery' with type 'application/javascript'
Checked in these paths: 
  /Users/evonne/Desktop/oobreats/app/assets/config
  /Users/evonne/Desktop/oobreats/app/assets/images
  /Users/evonne/Desktop/oobreats/app/assets/javascripts
  /Users/evonne/Desktop/oobreats/app/assets/stylesheets
  /Users/evonne/.rbenv/versions/2.5.1/lib/ruby/gems/2.5.0/gems/coffee-rails-4.2.2/lib/assets/javascripts
  /Users/evonne/.rbenv/versions/2.5.1/lib/ruby/gems/2.5.0/gems/actioncable-5.2.8.1/lib/assets/compiled
  /Users/evonne/.rbenv/versions/2.5.1/lib/ruby/gems/2.5.0/gems/activestorage-5.2.8.1/app/assets/javascripts
  /Users/evonne/.rbenv/versions/2.5.1/lib/ruby/gems/2.5.0/gems/actionview-5.2.8.1/lib/assets/compiled
  /Users/evonne/Desktop/oobreats/node_modules):
     6:     <%= csp_meta_tag %>
     7: 
     8:     <%= stylesheet_link_tag    'application', media: 'all' %>
     9:     <%= javascript_include_tag 'application' %>
    10:   </head>
    11: 
    12:   <body>
  
app/assets/javascripts/application.js:13
app/views/layouts/application.html.erb:9:in `_app_views_layouts_application_html_erb__1021604774185154066_70242136778100'
app/controllers/static_pages_controller.rb:4:in `root'
Started GET "/" for ::1 at 2022-08-13 20:50:41 -0400
  [1m[35m (40.4ms)[0m  [1m[34mSELECT "schema_migrations"."version" FROM "schema_migrations" ORDER BY "schema_migrations"."version" ASC[0m
  ↳ /Users/evonne/.rbenv/versions/2.5.1/lib/ruby/gems/2.5.0/gems/activerecord-5.2.8.1/lib/active_record/log_subscriber.rb:98
Processing by StaticPagesController#root as HTML
  Rendering static_pages/root.html.erb within layouts/application
  Rendered static_pages/root.html.erb within layouts/application (1.6ms)
Completed 500 Internal Server Error in 276ms (ActiveRecord: 0.0ms)


  
ActionView::Template::Error (couldn't find file 'jquery' with type 'application/javascript'
Checked in these paths: 
  /Users/evonne/Desktop/oobreats/app/assets/config
  /Users/evonne/Desktop/oobreats/app/assets/images
  /Users/evonne/Desktop/oobreats/app/assets/javascripts
  /Users/evonne/Desktop/oobreats/app/assets/stylesheets
  /Users/evonne/.rbenv/versions/2.5.1/lib/ruby/gems/2.5.0/gems/coffee-rails-4.2.2/lib/assets/javascripts
  /Users/evonne/.rbenv/versions/2.5.1/lib/ruby/gems/2.5.0/gems/actioncable-5.2.8.1/lib/assets/compiled
  /Users/evonne/.rbenv/versions/2.5.1/lib/ruby/gems/2.5.0/gems/activestorage-5.2.8.1/app/assets/javascripts
  /Users/evonne/.rbenv/versions/2.5.1/lib/ruby/gems/2.5.0/gems/actionview-5.2.8.1/lib/assets/compiled
  /Users/evonne/Desktop/oobreats/node_modules):
     5:     <%= csrf_meta_tags %>
     6:     <%= csp_meta_tag %>
     7: 
     8:     <%= stylesheet_link_tag    'application', media: 'all' %>
     9:     <%= javascript_include_tag 'application' %>
    10:   </head>
    11: 
  
app/assets/javascripts/application.js:13
app/views/layouts/application.html.erb:8:in `_app_views_layouts_application_html_erb__218847613321909637_70253770158540'
app/controllers/static_pages_controller.rb:4:in `root'
Started GET "/" for ::1 at 2022-08-13 20:51:28 -0400
Processing by StaticPagesController#root as HTML
  Rendering static_pages/root.html.erb within layouts/application
  Rendered static_pages/root.html.erb within layouts/application (0.7ms)
Completed 200 OK in 1203ms (Views: 1202.7ms | ActiveRecord: 0.0ms)


Started GET "/" for ::1 at 2022-08-13 20:51:30 -0400
Processing by StaticPagesController#root as HTML
  Rendering static_pages/root.html.erb within layouts/application
  Rendered static_pages/root.html.erb within layouts/application (0.2ms)
Completed 200 OK in 33ms (Views: 32.6ms | ActiveRecord: 0.0ms)


Started GET "/" for ::1 at 2022-08-13 20:51:34 -0400
Processing by StaticPagesController#root as HTML
  Rendering static_pages/root.html.erb within layouts/application
  Rendered static_pages/root.html.erb within layouts/application (0.3ms)
Completed 200 OK in 38ms (Views: 37.6ms | ActiveRecord: 0.0ms)


Started GET "/" for ::1 at 2022-08-13 20:52:20 -0400
Processing by StaticPagesController#root as HTML
  Rendering static_pages/root.html.erb within layouts/application
  Rendered static_pages/root.html.erb within layouts/application (0.2ms)
Completed 500 Internal Server Error in 33ms (ActiveRecord: 0.0ms)


  
ActionView::Template::Error (couldn't find file 'jquery' with type 'application/javascript'
Checked in these paths: 
  /Users/evonne/Desktop/oobreats/app/assets/config
  /Users/evonne/Desktop/oobreats/app/assets/images
  /Users/evonne/Desktop/oobreats/app/assets/javascripts
  /Users/evonne/Desktop/oobreats/app/assets/stylesheets
  /Users/evonne/.rbenv/versions/2.5.1/lib/ruby/gems/2.5.0/gems/coffee-rails-4.2.2/lib/assets/javascripts
  /Users/evonne/.rbenv/versions/2.5.1/lib/ruby/gems/2.5.0/gems/actioncable-5.2.8.1/lib/assets/compiled
  /Users/evonne/.rbenv/versions/2.5.1/lib/ruby/gems/2.5.0/gems/activestorage-5.2.8.1/app/assets/javascripts
  /Users/evonne/.rbenv/versions/2.5.1/lib/ruby/gems/2.5.0/gems/actionview-5.2.8.1/lib/assets/compiled
  /Users/evonne/Desktop/oobreats/node_modules):
     6:     <%= csp_meta_tag %>
     7: 
     8:     <%= stylesheet_link_tag    'application', media: 'all' %>
     9:     <%= javascript_include_tag 'application' %>
    10:   </head>
    11: 
    12:   <body>
  
app/assets/javascripts/application.js:13
app/views/layouts/application.html.erb:9:in `_app_views_layouts_application_html_erb__218847613321909637_70253808857980'
app/controllers/static_pages_controller.rb:4:in `root'
Started GET "/" for ::1 at 2022-08-13 20:52:23 -0400
Processing by StaticPagesController#root as HTML
  Rendering static_pages/root.html.erb within layouts/application
  Rendered static_pages/root.html.erb within layouts/application (0.3ms)
Completed 500 Internal Server Error in 19ms (ActiveRecord: 0.0ms)


  
ActionView::Template::Error (couldn't find file 'jquery' with type 'application/javascript'
Checked in these paths: 
  /Users/evonne/Desktop/oobreats/app/assets/config
  /Users/evonne/Desktop/oobreats/app/assets/images
  /Users/evonne/Desktop/oobreats/app/assets/javascripts
  /Users/evonne/Desktop/oobreats/app/assets/stylesheets
  /Users/evonne/.rbenv/versions/2.5.1/lib/ruby/gems/2.5.0/gems/coffee-rails-4.2.2/lib/assets/javascripts
  /Users/evonne/.rbenv/versions/2.5.1/lib/ruby/gems/2.5.0/gems/actioncable-5.2.8.1/lib/assets/compiled
  /Users/evonne/.rbenv/versions/2.5.1/lib/ruby/gems/2.5.0/gems/activestorage-5.2.8.1/app/assets/javascripts
  /Users/evonne/.rbenv/versions/2.5.1/lib/ruby/gems/2.5.0/gems/actionview-5.2.8.1/lib/assets/compiled
  /Users/evonne/Desktop/oobreats/node_modules):
     6:     <%= csp_meta_tag %>
     7: 
     8:     <%= stylesheet_link_tag    'application', media: 'all' %>
     9:     <%= javascript_include_tag 'application' %>
    10:   </head>
    11: 
    12:   <body>
  
app/assets/javascripts/application.js:13
app/views/layouts/application.html.erb:9:in `_app_views_layouts_application_html_erb__218847613321909637_70253813032480'
app/controllers/static_pages_controller.rb:4:in `root'
Started GET "/" for ::1 at 2022-08-13 20:52:25 -0400
Processing by StaticPagesController#root as HTML
  Rendering static_pages/root.html.erb within layouts/application
  Rendered static_pages/root.html.erb within layouts/application (0.4ms)
Completed 500 Internal Server Error in 21ms (ActiveRecord: 0.0ms)


  
ActionView::Template::Error (couldn't find file 'jquery' with type 'application/javascript'
Checked in these paths: 
  /Users/evonne/Desktop/oobreats/app/assets/config
  /Users/evonne/Desktop/oobreats/app/assets/images
  /Users/evonne/Desktop/oobreats/app/assets/javascripts
  /Users/evonne/Desktop/oobreats/app/assets/stylesheets
  /Users/evonne/.rbenv/versions/2.5.1/lib/ruby/gems/2.5.0/gems/coffee-rails-4.2.2/lib/assets/javascripts
  /Users/evonne/.rbenv/versions/2.5.1/lib/ruby/gems/2.5.0/gems/actioncable-5.2.8.1/lib/assets/compiled
  /Users/evonne/.rbenv/versions/2.5.1/lib/ruby/gems/2.5.0/gems/activestorage-5.2.8.1/app/assets/javascripts
  /Users/evonne/.rbenv/versions/2.5.1/lib/ruby/gems/2.5.0/gems/actionview-5.2.8.1/lib/assets/compiled
  /Users/evonne/Desktop/oobreats/node_modules):
     6:     <%= csp_meta_tag %>
     7: 
     8:     <%= stylesheet_link_tag    'application', media: 'all' %>
     9:     <%= javascript_include_tag 'application' %>
    10:   </head>
    11: 
    12:   <body>
  
app/assets/javascripts/application.js:13
app/views/layouts/application.html.erb:9:in `_app_views_layouts_application_html_erb__218847613321909637_70253810153440'
app/controllers/static_pages_controller.rb:4:in `root'
Started GET "/" for ::1 at 2022-08-13 20:53:17 -0400
Processing by StaticPagesController#root as HTML
  Rendering static_pages/root.html.erb within layouts/application
  Rendered static_pages/root.html.erb within layouts/application (0.3ms)
Completed 500 Internal Server Error in 18ms (ActiveRecord: 0.0ms)


  
ActionView::Template::Error (couldn't find file 'jquery' with type 'application/javascript'
Checked in these paths: 
  /Users/evonne/Desktop/oobreats/app/assets/config
  /Users/evonne/Desktop/oobreats/app/assets/images
  /Users/evonne/Desktop/oobreats/app/assets/javascripts
  /Users/evonne/Desktop/oobreats/app/assets/stylesheets
  /Users/evonne/.rbenv/versions/2.5.1/lib/ruby/gems/2.5.0/gems/coffee-rails-4.2.2/lib/assets/javascripts
  /Users/evonne/.rbenv/versions/2.5.1/lib/ruby/gems/2.5.0/gems/actioncable-5.2.8.1/lib/assets/compiled
  /Users/evonne/.rbenv/versions/2.5.1/lib/ruby/gems/2.5.0/gems/activestorage-5.2.8.1/app/assets/javascripts
  /Users/evonne/.rbenv/versions/2.5.1/lib/ruby/gems/2.5.0/gems/actionview-5.2.8.1/lib/assets/compiled
  /Users/evonne/Desktop/oobreats/node_modules):
     6:     <%= csp_meta_tag %>
     7: 
     8:     <%= stylesheet_link_tag    'application', media: 'all' %>
     9:     <%= javascript_include_tag 'application' %>
    10:   </head>
    11: 
    12:   <body>
  
app/assets/javascripts/application.js:13
app/views/layouts/application.html.erb:9:in `_app_views_layouts_application_html_erb__218847613321909637_70253813294300'
app/controllers/static_pages_controller.rb:4:in `root'
Started GET "/" for ::1 at 2022-08-13 20:53:20 -0400
Processing by StaticPagesController#root as HTML
  Rendering static_pages/root.html.erb within layouts/application
  Rendered static_pages/root.html.erb within layouts/application (0.2ms)
Completed 500 Internal Server Error in 18ms (ActiveRecord: 0.0ms)


  
ActionView::Template::Error (couldn't find file 'jquery' with type 'application/javascript'
Checked in these paths: 
  /Users/evonne/Desktop/oobreats/app/assets/config
  /Users/evonne/Desktop/oobreats/app/assets/images
  /Users/evonne/Desktop/oobreats/app/assets/javascripts
  /Users/evonne/Desktop/oobreats/app/assets/stylesheets
  /Users/evonne/.rbenv/versions/2.5.1/lib/ruby/gems/2.5.0/gems/coffee-rails-4.2.2/lib/assets/javascripts
  /Users/evonne/.rbenv/versions/2.5.1/lib/ruby/gems/2.5.0/gems/actioncable-5.2.8.1/lib/assets/compiled
  /Users/evonne/.rbenv/versions/2.5.1/lib/ruby/gems/2.5.0/gems/activestorage-5.2.8.1/app/assets/javascripts
  /Users/evonne/.rbenv/versions/2.5.1/lib/ruby/gems/2.5.0/gems/actionview-5.2.8.1/lib/assets/compiled
  /Users/evonne/Desktop/oobreats/node_modules):
     6:     <%= csp_meta_tag %>
     7: 
     8:     <%= stylesheet_link_tag    'application', media: 'all' %>
     9:     <%= javascript_include_tag 'application' %>
    10:   </head>
    11: 
    12:   <body>
  
app/assets/javascripts/application.js:13
app/views/layouts/application.html.erb:9:in `_app_views_layouts_application_html_erb__218847613321909637_70253809904340'
app/controllers/static_pages_controller.rb:4:in `root'
Started GET "/" for ::1 at 2022-08-13 20:53:21 -0400
Processing by StaticPagesController#root as HTML
  Rendering static_pages/root.html.erb within layouts/application
  Rendered static_pages/root.html.erb within layouts/application (0.3ms)
Completed 500 Internal Server Error in 16ms (ActiveRecord: 0.0ms)


  
ActionView::Template::Error (couldn't find file 'jquery' with type 'application/javascript'
Checked in these paths: 
  /Users/evonne/Desktop/oobreats/app/assets/config
  /Users/evonne/Desktop/oobreats/app/assets/images
  /Users/evonne/Desktop/oobreats/app/assets/javascripts
  /Users/evonne/Desktop/oobreats/app/assets/stylesheets
  /Users/evonne/.rbenv/versions/2.5.1/lib/ruby/gems/2.5.0/gems/coffee-rails-4.2.2/lib/assets/javascripts
  /Users/evonne/.rbenv/versions/2.5.1/lib/ruby/gems/2.5.0/gems/actioncable-5.2.8.1/lib/assets/compiled
  /Users/evonne/.rbenv/versions/2.5.1/lib/ruby/gems/2.5.0/gems/activestorage-5.2.8.1/app/assets/javascripts
  /Users/evonne/.rbenv/versions/2.5.1/lib/ruby/gems/2.5.0/gems/actionview-5.2.8.1/lib/assets/compiled
  /Users/evonne/Desktop/oobreats/node_modules):
     6:     <%= csp_meta_tag %>
     7: 
     8:     <%= stylesheet_link_tag    'application', media: 'all' %>
     9:     <%= javascript_include_tag 'application' %>
    10:   </head>
    11: 
    12:   <body>
  
app/assets/javascripts/application.js:13
app/views/layouts/application.html.erb:9:in `_app_views_layouts_application_html_erb__218847613321909637_70253784035400'
app/controllers/static_pages_controller.rb:4:in `root'
Started GET "/" for ::1 at 2022-08-13 20:53:25 -0400
Processing by StaticPagesController#root as HTML
  Rendering static_pages/root.html.erb within layouts/application
  Rendered static_pages/root.html.erb within layouts/application (0.3ms)
Completed 500 Internal Server Error in 18ms (ActiveRecord: 0.0ms)


  
ActionView::Template::Error (couldn't find file 'jquery' with type 'application/javascript'
Checked in these paths: 
  /Users/evonne/Desktop/oobreats/app/assets/config
  /Users/evonne/Desktop/oobreats/app/assets/images
  /Users/evonne/Desktop/oobreats/app/assets/javascripts
  /Users/evonne/Desktop/oobreats/app/assets/stylesheets
  /Users/evonne/.rbenv/versions/2.5.1/lib/ruby/gems/2.5.0/gems/coffee-rails-4.2.2/lib/assets/javascripts
  /Users/evonne/.rbenv/versions/2.5.1/lib/ruby/gems/2.5.0/gems/actioncable-5.2.8.1/lib/assets/compiled
  /Users/evonne/.rbenv/versions/2.5.1/lib/ruby/gems/2.5.0/gems/activestorage-5.2.8.1/app/assets/javascripts
  /Users/evonne/.rbenv/versions/2.5.1/lib/ruby/gems/2.5.0/gems/actionview-5.2.8.1/lib/assets/compiled
  /Users/evonne/Desktop/oobreats/node_modules):
     6:     <%= csp_meta_tag %>
     7: 
     8:     <%= stylesheet_link_tag    'application', media: 'all' %>
     9:     <%= javascript_include_tag 'application' %>
    10:   </head>
    11: 
    12:   <body>
  
app/assets/javascripts/application.js:13
app/views/layouts/application.html.erb:9:in `_app_views_layouts_application_html_erb__218847613321909637_70253773048620'
app/controllers/static_pages_controller.rb:4:in `root'
Started GET "/" for ::1 at 2022-08-13 20:54:06 -0400
Processing by StaticPagesController#root as HTML
  Rendering static_pages/root.html.erb within layouts/application
  Rendered static_pages/root.html.erb within layouts/application (0.8ms)
Completed 500 Internal Server Error in 18ms (ActiveRecord: 0.0ms)


  
ActionView::Template::Error (couldn't find file 'jquery' with type 'application/javascript'
Checked in these paths: 
  /Users/evonne/Desktop/oobreats/app/assets/config
  /Users/evonne/Desktop/oobreats/app/assets/images
  /Users/evonne/Desktop/oobreats/app/assets/javascripts
  /Users/evonne/Desktop/oobreats/app/assets/stylesheets
  /Users/evonne/.rbenv/versions/2.5.1/lib/ruby/gems/2.5.0/gems/coffee-rails-4.2.2/lib/assets/javascripts
  /Users/evonne/.rbenv/versions/2.5.1/lib/ruby/gems/2.5.0/gems/actioncable-5.2.8.1/lib/assets/compiled
  /Users/evonne/.rbenv/versions/2.5.1/lib/ruby/gems/2.5.0/gems/activestorage-5.2.8.1/app/assets/javascripts
  /Users/evonne/.rbenv/versions/2.5.1/lib/ruby/gems/2.5.0/gems/actionview-5.2.8.1/lib/assets/compiled
  /Users/evonne/Desktop/oobreats/node_modules):
     6:     <%= csp_meta_tag %>
     7: 
     8:     <%= stylesheet_link_tag    'application', media: 'all' %>
     9:     <%= javascript_include_tag 'application' %>
    10:   </head>
    11: 
    12:   <body>
  
app/assets/javascripts/application.js:13
app/views/layouts/application.html.erb:9:in `_app_views_layouts_application_html_erb__218847613321909637_70253812837240'
app/controllers/static_pages_controller.rb:4:in `root'
Started GET "/" for ::1 at 2022-08-13 20:54:08 -0400
Processing by StaticPagesController#root as HTML
  Rendering static_pages/root.html.erb within layouts/application
  Rendered static_pages/root.html.erb within layouts/application (0.3ms)
Completed 500 Internal Server Error in 20ms (ActiveRecord: 0.0ms)


  
ActionView::Template::Error (couldn't find file 'jquery' with type 'application/javascript'
Checked in these paths: 
  /Users/evonne/Desktop/oobreats/app/assets/config
  /Users/evonne/Desktop/oobreats/app/assets/images
  /Users/evonne/Desktop/oobreats/app/assets/javascripts
  /Users/evonne/Desktop/oobreats/app/assets/stylesheets
  /Users/evonne/.rbenv/versions/2.5.1/lib/ruby/gems/2.5.0/gems/coffee-rails-4.2.2/lib/assets/javascripts
  /Users/evonne/.rbenv/versions/2.5.1/lib/ruby/gems/2.5.0/gems/actioncable-5.2.8.1/lib/assets/compiled
  /Users/evonne/.rbenv/versions/2.5.1/lib/ruby/gems/2.5.0/gems/activestorage-5.2.8.1/app/assets/javascripts
  /Users/evonne/.rbenv/versions/2.5.1/lib/ruby/gems/2.5.0/gems/actionview-5.2.8.1/lib/assets/compiled
  /Users/evonne/Desktop/oobreats/node_modules):
     6:     <%= csp_meta_tag %>
     7: 
     8:     <%= stylesheet_link_tag    'application', media: 'all' %>
     9:     <%= javascript_include_tag 'application' %>
    10:   </head>
    11: 
    12:   <body>
  
app/assets/javascripts/application.js:13
app/views/layouts/application.html.erb:9:in `_app_views_layouts_application_html_erb__218847613321909637_70253813099660'
app/controllers/static_pages_controller.rb:4:in `root'
Started GET "/" for ::1 at 2022-08-13 20:54:09 -0400
Processing by StaticPagesController#root as HTML
  Rendering static_pages/root.html.erb within layouts/application
  Rendered static_pages/root.html.erb within layouts/application (0.3ms)
Completed 500 Internal Server Error in 22ms (ActiveRecord: 0.0ms)


  
ActionView::Template::Error (couldn't find file 'jquery' with type 'application/javascript'
Checked in these paths: 
  /Users/evonne/Desktop/oobreats/app/assets/config
  /Users/evonne/Desktop/oobreats/app/assets/images
  /Users/evonne/Desktop/oobreats/app/assets/javascripts
  /Users/evonne/Desktop/oobreats/app/assets/stylesheets
  /Users/evonne/.rbenv/versions/2.5.1/lib/ruby/gems/2.5.0/gems/coffee-rails-4.2.2/lib/assets/javascripts
  /Users/evonne/.rbenv/versions/2.5.1/lib/ruby/gems/2.5.0/gems/actioncable-5.2.8.1/lib/assets/compiled
  /Users/evonne/.rbenv/versions/2.5.1/lib/ruby/gems/2.5.0/gems/activestorage-5.2.8.1/app/assets/javascripts
  /Users/evonne/.rbenv/versions/2.5.1/lib/ruby/gems/2.5.0/gems/actionview-5.2.8.1/lib/assets/compiled
  /Users/evonne/Desktop/oobreats/node_modules):
     6:     <%= csp_meta_tag %>
     7: 
     8:     <%= stylesheet_link_tag    'application', media: 'all' %>
     9:     <%= javascript_include_tag 'application' %>
    10:   </head>
    11: 
    12:   <body>
  
app/assets/javascripts/application.js:13
app/views/layouts/application.html.erb:9:in `_app_views_layouts_application_html_erb__218847613321909637_70253783451680'
app/controllers/static_pages_controller.rb:4:in `root'
Started GET "/" for ::1 at 2022-08-13 20:54:10 -0400
Processing by StaticPagesController#root as HTML
  Rendering static_pages/root.html.erb within layouts/application
  Rendered static_pages/root.html.erb within layouts/application (0.6ms)
Completed 500 Internal Server Error in 28ms (ActiveRecord: 0.0ms)


  
ActionView::Template::Error (couldn't find file 'jquery' with type 'application/javascript'
Checked in these paths: 
  /Users/evonne/Desktop/oobreats/app/assets/config
  /Users/evonne/Desktop/oobreats/app/assets/images
  /Users/evonne/Desktop/oobreats/app/assets/javascripts
  /Users/evonne/Desktop/oobreats/app/assets/stylesheets
  /Users/evonne/.rbenv/versions/2.5.1/lib/ruby/gems/2.5.0/gems/coffee-rails-4.2.2/lib/assets/javascripts
  /Users/evonne/.rbenv/versions/2.5.1/lib/ruby/gems/2.5.0/gems/actioncable-5.2.8.1/lib/assets/compiled
  /Users/evonne/.rbenv/versions/2.5.1/lib/ruby/gems/2.5.0/gems/activestorage-5.2.8.1/app/assets/javascripts
  /Users/evonne/.rbenv/versions/2.5.1/lib/ruby/gems/2.5.0/gems/actionview-5.2.8.1/lib/assets/compiled
  /Users/evonne/Desktop/oobreats/node_modules):
     6:     <%= csp_meta_tag %>
     7: 
     8:     <%= stylesheet_link_tag    'application', media: 'all' %>
     9:     <%= javascript_include_tag 'application' %>
    10:   </head>
    11: 
    12:   <body>
  
app/assets/javascripts/application.js:13
app/views/layouts/application.html.erb:9:in `_app_views_layouts_application_html_erb__218847613321909637_70253811951000'
app/controllers/static_pages_controller.rb:4:in `root'
Started GET "/" for ::1 at 2022-08-13 20:54:11 -0400
Processing by StaticPagesController#root as HTML
  Rendering static_pages/root.html.erb within layouts/application
  Rendered static_pages/root.html.erb within layouts/application (0.2ms)
Completed 500 Internal Server Error in 14ms (ActiveRecord: 0.0ms)


  
ActionView::Template::Error (couldn't find file 'jquery' with type 'application/javascript'
Checked in these paths: 
  /Users/evonne/Desktop/oobreats/app/assets/config
  /Users/evonne/Desktop/oobreats/app/assets/images
  /Users/evonne/Desktop/oobreats/app/assets/javascripts
  /Users/evonne/Desktop/oobreats/app/assets/stylesheets
  /Users/evonne/.rbenv/versions/2.5.1/lib/ruby/gems/2.5.0/gems/coffee-rails-4.2.2/lib/assets/javascripts
  /Users/evonne/.rbenv/versions/2.5.1/lib/ruby/gems/2.5.0/gems/actioncable-5.2.8.1/lib/assets/compiled
  /Users/evonne/.rbenv/versions/2.5.1/lib/ruby/gems/2.5.0/gems/activestorage-5.2.8.1/app/assets/javascripts
  /Users/evonne/.rbenv/versions/2.5.1/lib/ruby/gems/2.5.0/gems/actionview-5.2.8.1/lib/assets/compiled
  /Users/evonne/Desktop/oobreats/node_modules):
     6:     <%= csp_meta_tag %>
     7: 
     8:     <%= stylesheet_link_tag    'application', media: 'all' %>
     9:     <%= javascript_include_tag 'application' %>
    10:   </head>
    11: 
    12:   <body>
  
app/assets/javascripts/application.js:13
app/views/layouts/application.html.erb:9:in `_app_views_layouts_application_html_erb__218847613321909637_70253786397360'
app/controllers/static_pages_controller.rb:4:in `root'
Started GET "/" for ::1 at 2022-08-13 20:54:12 -0400
Processing by StaticPagesController#root as HTML
  Rendering static_pages/root.html.erb within layouts/application
  Rendered static_pages/root.html.erb within layouts/application (0.2ms)
Completed 500 Internal Server Error in 14ms (ActiveRecord: 0.0ms)


  
ActionView::Template::Error (couldn't find file 'jquery' with type 'application/javascript'
Checked in these paths: 
  /Users/evonne/Desktop/oobreats/app/assets/config
  /Users/evonne/Desktop/oobreats/app/assets/images
  /Users/evonne/Desktop/oobreats/app/assets/javascripts
  /Users/evonne/Desktop/oobreats/app/assets/stylesheets
  /Users/evonne/.rbenv/versions/2.5.1/lib/ruby/gems/2.5.0/gems/coffee-rails-4.2.2/lib/assets/javascripts
  /Users/evonne/.rbenv/versions/2.5.1/lib/ruby/gems/2.5.0/gems/actioncable-5.2.8.1/lib/assets/compiled
  /Users/evonne/.rbenv/versions/2.5.1/lib/ruby/gems/2.5.0/gems/activestorage-5.2.8.1/app/assets/javascripts
  /Users/evonne/.rbenv/versions/2.5.1/lib/ruby/gems/2.5.0/gems/actionview-5.2.8.1/lib/assets/compiled
  /Users/evonne/Desktop/oobreats/node_modules):
     6:     <%= csp_meta_tag %>
     7: 
     8:     <%= stylesheet_link_tag    'application', media: 'all' %>
     9:     <%= javascript_include_tag 'application' %>
    10:   </head>
    11: 
    12:   <body>
  
app/assets/javascripts/application.js:13
app/views/layouts/application.html.erb:9:in `_app_views_layouts_application_html_erb__218847613321909637_70253812363240'
app/controllers/static_pages_controller.rb:4:in `root'
Started GET "/" for ::1 at 2022-08-13 20:54:13 -0400
Processing by StaticPagesController#root as HTML
  Rendering static_pages/root.html.erb within layouts/application
  Rendered static_pages/root.html.erb within layouts/application (0.3ms)
Completed 500 Internal Server Error in 18ms (ActiveRecord: 0.0ms)


  
ActionView::Template::Error (couldn't find file 'jquery' with type 'application/javascript'
Checked in these paths: 
  /Users/evonne/Desktop/oobreats/app/assets/config
  /Users/evonne/Desktop/oobreats/app/assets/images
  /Users/evonne/Desktop/oobreats/app/assets/javascripts
  /Users/evonne/Desktop/oobreats/app/assets/stylesheets
  /Users/evonne/.rbenv/versions/2.5.1/lib/ruby/gems/2.5.0/gems/coffee-rails-4.2.2/lib/assets/javascripts
  /Users/evonne/.rbenv/versions/2.5.1/lib/ruby/gems/2.5.0/gems/actioncable-5.2.8.1/lib/assets/compiled
  /Users/evonne/.rbenv/versions/2.5.1/lib/ruby/gems/2.5.0/gems/activestorage-5.2.8.1/app/assets/javascripts
  /Users/evonne/.rbenv/versions/2.5.1/lib/ruby/gems/2.5.0/gems/actionview-5.2.8.1/lib/assets/compiled
  /Users/evonne/Desktop/oobreats/node_modules):
     6:     <%= csp_meta_tag %>
     7: 
     8:     <%= stylesheet_link_tag    'application', media: 'all' %>
     9:     <%= javascript_include_tag 'application' %>
    10:   </head>
    11: 
    12:   <body>
  
app/assets/javascripts/application.js:13
app/views/layouts/application.html.erb:9:in `_app_views_layouts_application_html_erb__218847613321909637_70253809019360'
app/controllers/static_pages_controller.rb:4:in `root'
Started GET "/" for ::1 at 2022-08-13 20:57:37 -0400
Processing by StaticPagesController#root as HTML
  Rendering static_pages/root.html.erb within layouts/application
  Rendered static_pages/root.html.erb within layouts/application (0.2ms)
Completed 500 Internal Server Error in 18ms (ActiveRecord: 0.0ms)


  
ActionView::Template::Error (couldn't find file 'jquery' with type 'application/javascript'
Checked in these paths: 
  /Users/evonne/Desktop/oobreats/app/assets/config
  /Users/evonne/Desktop/oobreats/app/assets/images
  /Users/evonne/Desktop/oobreats/app/assets/javascripts
  /Users/evonne/Desktop/oobreats/app/assets/stylesheets
  /Users/evonne/.rbenv/versions/2.5.1/lib/ruby/gems/2.5.0/gems/coffee-rails-4.2.2/lib/assets/javascripts
  /Users/evonne/.rbenv/versions/2.5.1/lib/ruby/gems/2.5.0/gems/actioncable-5.2.8.1/lib/assets/compiled
  /Users/evonne/.rbenv/versions/2.5.1/lib/ruby/gems/2.5.0/gems/activestorage-5.2.8.1/app/assets/javascripts
  /Users/evonne/.rbenv/versions/2.5.1/lib/ruby/gems/2.5.0/gems/actionview-5.2.8.1/lib/assets/compiled
  /Users/evonne/Desktop/oobreats/node_modules):
     6:     <%= csp_meta_tag %>
     7: 
     8:     <%= stylesheet_link_tag    'application', media: 'all' %>
     9:     <%= javascript_include_tag 'application' %>
    10:   </head>
    11: 
    12:   <body>
  
app/assets/javascripts/application.js:13
app/views/layouts/application.html.erb:9:in `_app_views_layouts_application_html_erb__218847613321909637_70253786592140'
app/controllers/static_pages_controller.rb:4:in `root'
Started GET "/" for ::1 at 2022-08-13 20:57:38 -0400
Processing by StaticPagesController#root as HTML
  Rendering static_pages/root.html.erb within layouts/application
  Rendered static_pages/root.html.erb within layouts/application (0.4ms)
Completed 500 Internal Server Error in 16ms (ActiveRecord: 0.0ms)


  
ActionView::Template::Error (couldn't find file 'jquery' with type 'application/javascript'
Checked in these paths: 
  /Users/evonne/Desktop/oobreats/app/assets/config
  /Users/evonne/Desktop/oobreats/app/assets/images
  /Users/evonne/Desktop/oobreats/app/assets/javascripts
  /Users/evonne/Desktop/oobreats/app/assets/stylesheets
  /Users/evonne/.rbenv/versions/2.5.1/lib/ruby/gems/2.5.0/gems/coffee-rails-4.2.2/lib/assets/javascripts
  /Users/evonne/.rbenv/versions/2.5.1/lib/ruby/gems/2.5.0/gems/actioncable-5.2.8.1/lib/assets/compiled
  /Users/evonne/.rbenv/versions/2.5.1/lib/ruby/gems/2.5.0/gems/activestorage-5.2.8.1/app/assets/javascripts
  /Users/evonne/.rbenv/versions/2.5.1/lib/ruby/gems/2.5.0/gems/actionview-5.2.8.1/lib/assets/compiled
  /Users/evonne/Desktop/oobreats/node_modules):
     6:     <%= csp_meta_tag %>
     7: 
     8:     <%= stylesheet_link_tag    'application', media: 'all' %>
     9:     <%= javascript_include_tag 'application' %>
    10:   </head>
    11: 
    12:   <body>
  
app/assets/javascripts/application.js:13
app/views/layouts/application.html.erb:9:in `_app_views_layouts_application_html_erb__218847613321909637_70253812377040'
app/controllers/static_pages_controller.rb:4:in `root'
Started GET "/" for ::1 at 2022-08-13 20:57:40 -0400
Processing by StaticPagesController#root as HTML
  Rendering static_pages/root.html.erb within layouts/application
  Rendered static_pages/root.html.erb within layouts/application (0.3ms)
Completed 500 Internal Server Error in 17ms (ActiveRecord: 0.0ms)


  
ActionView::Template::Error (couldn't find file 'jquery' with type 'application/javascript'
Checked in these paths: 
  /Users/evonne/Desktop/oobreats/app/assets/config
  /Users/evonne/Desktop/oobreats/app/assets/images
  /Users/evonne/Desktop/oobreats/app/assets/javascripts
  /Users/evonne/Desktop/oobreats/app/assets/stylesheets
  /Users/evonne/.rbenv/versions/2.5.1/lib/ruby/gems/2.5.0/gems/coffee-rails-4.2.2/lib/assets/javascripts
  /Users/evonne/.rbenv/versions/2.5.1/lib/ruby/gems/2.5.0/gems/actioncable-5.2.8.1/lib/assets/compiled
  /Users/evonne/.rbenv/versions/2.5.1/lib/ruby/gems/2.5.0/gems/activestorage-5.2.8.1/app/assets/javascripts
  /Users/evonne/.rbenv/versions/2.5.1/lib/ruby/gems/2.5.0/gems/actionview-5.2.8.1/lib/assets/compiled
  /Users/evonne/Desktop/oobreats/node_modules):
     6:     <%= csp_meta_tag %>
     7: 
     8:     <%= stylesheet_link_tag    'application', media: 'all' %>
     9:     <%= javascript_include_tag 'application' %>
    10:   </head>
    11: 
    12:   <body>
  
app/assets/javascripts/application.js:13
app/views/layouts/application.html.erb:9:in `_app_views_layouts_application_html_erb__218847613321909637_70253812655680'
app/controllers/static_pages_controller.rb:4:in `root'
Started GET "/" for ::1 at 2022-08-13 20:58:03 -0400
Processing by StaticPagesController#root as HTML
  Rendering static_pages/root.html.erb within layouts/application
  Rendered static_pages/root.html.erb within layouts/application (0.3ms)
Completed 500 Internal Server Error in 20ms (ActiveRecord: 0.0ms)


  
ActionView::Template::Error (couldn't find file 'jquery' with type 'application/javascript'
Checked in these paths: 
  /Users/evonne/Desktop/oobreats/app/assets/config
  /Users/evonne/Desktop/oobreats/app/assets/images
  /Users/evonne/Desktop/oobreats/app/assets/javascripts
  /Users/evonne/Desktop/oobreats/app/assets/stylesheets
  /Users/evonne/.rbenv/versions/2.5.1/lib/ruby/gems/2.5.0/gems/coffee-rails-4.2.2/lib/assets/javascripts
  /Users/evonne/.rbenv/versions/2.5.1/lib/ruby/gems/2.5.0/gems/actioncable-5.2.8.1/lib/assets/compiled
  /Users/evonne/.rbenv/versions/2.5.1/lib/ruby/gems/2.5.0/gems/activestorage-5.2.8.1/app/assets/javascripts
  /Users/evonne/.rbenv/versions/2.5.1/lib/ruby/gems/2.5.0/gems/actionview-5.2.8.1/lib/assets/compiled
  /Users/evonne/Desktop/oobreats/node_modules):
     6:     <%= csp_meta_tag %>
     7: 
     8:     <%= stylesheet_link_tag    'application', media: 'all' %>
     9:     <%= javascript_include_tag 'application' %>
    10:   </head>
    11: 
    12:   <body>
  
app/assets/javascripts/application.js:13
app/views/layouts/application.html.erb:9:in `_app_views_layouts_application_html_erb__218847613321909637_70253813265360'
app/controllers/static_pages_controller.rb:4:in `root'
Started GET "/" for ::1 at 2022-08-13 20:58:04 -0400
Processing by StaticPagesController#root as HTML
  Rendering static_pages/root.html.erb within layouts/application
  Rendered static_pages/root.html.erb within layouts/application (0.3ms)
Completed 500 Internal Server Error in 17ms (ActiveRecord: 0.0ms)


  
ActionView::Template::Error (couldn't find file 'jquery' with type 'application/javascript'
Checked in these paths: 
  /Users/evonne/Desktop/oobreats/app/assets/config
  /Users/evonne/Desktop/oobreats/app/assets/images
  /Users/evonne/Desktop/oobreats/app/assets/javascripts
  /Users/evonne/Desktop/oobreats/app/assets/stylesheets
  /Users/evonne/.rbenv/versions/2.5.1/lib/ruby/gems/2.5.0/gems/coffee-rails-4.2.2/lib/assets/javascripts
  /Users/evonne/.rbenv/versions/2.5.1/lib/ruby/gems/2.5.0/gems/actioncable-5.2.8.1/lib/assets/compiled
  /Users/evonne/.rbenv/versions/2.5.1/lib/ruby/gems/2.5.0/gems/activestorage-5.2.8.1/app/assets/javascripts
  /Users/evonne/.rbenv/versions/2.5.1/lib/ruby/gems/2.5.0/gems/actionview-5.2.8.1/lib/assets/compiled
  /Users/evonne/Desktop/oobreats/node_modules):
     6:     <%= csp_meta_tag %>
     7: 
     8:     <%= stylesheet_link_tag    'application', media: 'all' %>
     9:     <%= javascript_include_tag 'application' %>
    10:   </head>
    11: 
    12:   <body>
  
app/assets/javascripts/application.js:13
app/views/layouts/application.html.erb:9:in `_app_views_layouts_application_html_erb__218847613321909637_70253813459720'
app/controllers/static_pages_controller.rb:4:in `root'
Started GET "/" for ::1 at 2022-08-13 20:58:06 -0400
Processing by StaticPagesController#root as HTML
  Rendering static_pages/root.html.erb within layouts/application
  Rendered static_pages/root.html.erb within layouts/application (0.2ms)
Completed 500 Internal Server Error in 22ms (ActiveRecord: 0.0ms)


  
ActionView::Template::Error (couldn't find file 'jquery' with type 'application/javascript'
Checked in these paths: 
  /Users/evonne/Desktop/oobreats/app/assets/config
  /Users/evonne/Desktop/oobreats/app/assets/images
  /Users/evonne/Desktop/oobreats/app/assets/javascripts
  /Users/evonne/Desktop/oobreats/app/assets/stylesheets
  /Users/evonne/.rbenv/versions/2.5.1/lib/ruby/gems/2.5.0/gems/coffee-rails-4.2.2/lib/assets/javascripts
  /Users/evonne/.rbenv/versions/2.5.1/lib/ruby/gems/2.5.0/gems/actioncable-5.2.8.1/lib/assets/compiled
  /Users/evonne/.rbenv/versions/2.5.1/lib/ruby/gems/2.5.0/gems/activestorage-5.2.8.1/app/assets/javascripts
  /Users/evonne/.rbenv/versions/2.5.1/lib/ruby/gems/2.5.0/gems/actionview-5.2.8.1/lib/assets/compiled
  /Users/evonne/Desktop/oobreats/node_modules):
     6:     <%= csp_meta_tag %>
     7: 
     8:     <%= stylesheet_link_tag    'application', media: 'all' %>
     9:     <%= javascript_include_tag 'application' %>
    10:   </head>
    11: 
    12:   <body>
  
app/assets/javascripts/application.js:13
app/views/layouts/application.html.erb:9:in `_app_views_layouts_application_html_erb__218847613321909637_70253773015940'
app/controllers/static_pages_controller.rb:4:in `root'
Started GET "/" for ::1 at 2022-08-13 20:58:19 -0400
Processing by StaticPagesController#root as HTML
  Rendering static_pages/root.html.erb within layouts/application
  Rendered static_pages/root.html.erb within layouts/application (0.2ms)
Completed 500 Internal Server Error in 26ms (ActiveRecord: 0.0ms)


  
ActionView::Template::Error (couldn't find file 'jquery' with type 'application/javascript'
Checked in these paths: 
  /Users/evonne/Desktop/oobreats/app/assets/config
  /Users/evonne/Desktop/oobreats/app/assets/images
  /Users/evonne/Desktop/oobreats/app/assets/javascripts
  /Users/evonne/Desktop/oobreats/app/assets/stylesheets
  /Users/evonne/.rbenv/versions/2.5.1/lib/ruby/gems/2.5.0/gems/coffee-rails-4.2.2/lib/assets/javascripts
  /Users/evonne/.rbenv/versions/2.5.1/lib/ruby/gems/2.5.0/gems/actioncable-5.2.8.1/lib/assets/compiled
  /Users/evonne/.rbenv/versions/2.5.1/lib/ruby/gems/2.5.0/gems/activestorage-5.2.8.1/app/assets/javascripts
  /Users/evonne/.rbenv/versions/2.5.1/lib/ruby/gems/2.5.0/gems/actionview-5.2.8.1/lib/assets/compiled
  /Users/evonne/Desktop/oobreats/node_modules):
     6:     <%= csp_meta_tag %>
     7: 
     8:     <%= stylesheet_link_tag    'application', media: 'all' %>
     9:     <%= javascript_include_tag 'application' %>
    10:   </head>
    11: 
    12:   <body>
  
app/assets/javascripts/application.js:13
app/views/layouts/application.html.erb:9:in `_app_views_layouts_application_html_erb__218847613321909637_70253772459020'
app/controllers/static_pages_controller.rb:4:in `root'
Started GET "/" for ::1 at 2022-08-13 21:03:02 -0400
  [1m[35m (1.0ms)[0m  [1m[34mSELECT "schema_migrations"."version" FROM "schema_migrations" ORDER BY "schema_migrations"."version" ASC[0m
  ↳ /Users/evonne/.rbenv/versions/2.5.1/lib/ruby/gems/2.5.0/gems/activerecord-5.2.8.1/lib/active_record/log_subscriber.rb:98
Processing by StaticPagesController#root as HTML
  Rendering static_pages/root.html.erb within layouts/application
  Rendered static_pages/root.html.erb within layouts/application (6.5ms)
Completed 200 OK in 1538ms (Views: 1538.0ms | ActiveRecord: 0.0ms)


Started GET "/" for ::1 at 2022-08-13 21:03:06 -0400
Processing by StaticPagesController#root as HTML
  Rendering static_pages/root.html.erb within layouts/application
  Rendered static_pages/root.html.erb within layouts/application (0.2ms)
Completed 200 OK in 54ms (Views: 53.7ms | ActiveRecord: 0.0ms)


Started GET "/" for ::1 at 2022-08-13 21:07:47 -0400
Processing by StaticPagesController#root as HTML
  Rendering static_pages/root.html.erb within layouts/application
  Rendered static_pages/root.html.erb within layouts/application (0.9ms)
Completed 200 OK in 455ms (Views: 455.0ms | ActiveRecord: 0.0ms)


Started GET "/" for ::1 at 2022-08-13 21:07:49 -0400
Processing by StaticPagesController#root as HTML
  Rendering static_pages/root.html.erb within layouts/application
  Rendered static_pages/root.html.erb within layouts/application (0.4ms)
Completed 200 OK in 50ms (Views: 49.7ms | ActiveRecord: 0.0ms)


Started GET "/" for ::1 at 2022-08-13 21:07:54 -0400
Processing by StaticPagesController#root as HTML
  Rendering static_pages/root.html.erb within layouts/application
  Rendered static_pages/root.html.erb within layouts/application (0.3ms)
Completed 200 OK in 31ms (Views: 31.0ms | ActiveRecord: 0.0ms)


Started GET "/" for ::1 at 2022-08-13 21:08:39 -0400
Processing by StaticPagesController#root as HTML
  Rendering static_pages/root.html.erb within layouts/application
  Rendered static_pages/root.html.erb within layouts/application (0.2ms)
Completed 200 OK in 958ms (Views: 957.9ms | ActiveRecord: 0.0ms)


Started GET "/" for ::1 at 2022-08-13 21:08:41 -0400
Processing by StaticPagesController#root as HTML
  Rendering static_pages/root.html.erb within layouts/application
  Rendered static_pages/root.html.erb within layouts/application (0.4ms)
Completed 200 OK in 30ms (Views: 29.6ms | ActiveRecord: 0.0ms)


Started GET "/" for ::1 at 2022-08-13 21:08:42 -0400
Processing by StaticPagesController#root as HTML
  Rendering static_pages/root.html.erb within layouts/application
  Rendered static_pages/root.html.erb within layouts/application (0.3ms)
Completed 200 OK in 27ms (Views: 26.5ms | ActiveRecord: 0.0ms)


Started GET "/" for ::1 at 2022-08-13 21:16:03 -0400
Processing by StaticPagesController#root as HTML
  Rendering static_pages/root.html.erb within layouts/application
  Rendered static_pages/root.html.erb within layouts/application (0.3ms)
Completed 200 OK in 446ms (Views: 445.6ms | ActiveRecord: 0.0ms)


Started GET "/" for ::1 at 2022-08-13 21:16:05 -0400
Processing by StaticPagesController#root as HTML
  Rendering static_pages/root.html.erb within layouts/application
  Rendered static_pages/root.html.erb within layouts/application (0.3ms)
Completed 200 OK in 28ms (Views: 28.1ms | ActiveRecord: 0.0ms)


Started GET "/" for ::1 at 2022-08-13 21:25:01 -0400
Processing by StaticPagesController#root as HTML
  Rendering static_pages/root.html.erb within layouts/application
  Rendered static_pages/root.html.erb within layouts/application (0.7ms)
Completed 200 OK in 646ms (Views: 644.6ms | ActiveRecord: 0.0ms)


Started GET "/" for ::1 at 2022-08-13 21:25:03 -0400
Processing by StaticPagesController#root as HTML
  Rendering static_pages/root.html.erb within layouts/application
  Rendered static_pages/root.html.erb within layouts/application (0.4ms)
Completed 200 OK in 35ms (Views: 34.7ms | ActiveRecord: 0.0ms)


Started GET "/" for ::1 at 2022-08-13 21:25:43 -0400
Processing by StaticPagesController#root as HTML
  Rendering static_pages/root.html.erb within layouts/application
  Rendered static_pages/root.html.erb within layouts/application (0.3ms)
Completed 200 OK in 656ms (Views: 655.7ms | ActiveRecord: 0.0ms)


Started GET "/" for ::1 at 2022-08-13 21:25:46 -0400
Processing by StaticPagesController#root as HTML
  Rendering static_pages/root.html.erb within layouts/application
  Rendered static_pages/root.html.erb within layouts/application (0.3ms)
Completed 200 OK in 34ms (Views: 33.6ms | ActiveRecord: 0.0ms)


